<?xml version="1.0" encoding="UTF-8"?>
<testsuite name="RectangleTest" tests="2" skipped="0" failures="0" errors="0" timestamp="2015-08-19T13:36:19" hostname="josss-MacBook-Pro.local" time="0.0">
  <properties/>
  <testcase name="newRectangle_instantiatesNewRectangle" classname="RectangleTest" time="0.0"/>
  <testcase name="isSquare_ReturnsTrueWheNotSquare" classname="RectangleTest" time="0.0"/>
  <system-out><![CDATA[]]></system-out>
  <system-err><![CDATA[]]></system-err>
</testsuite>
