<?xml version="1.0" encoding="UTF-8"?>
<testsuite name="CubeTest" tests="2" skipped="0" failures="0" errors="0" timestamp="2015-08-19T13:36:19" hostname="josss-MacBook-Pro.local" time="0.002">
  <properties/>
  <testcase name="surfaceArea_DeterminesSurfaceAreaOfCube_int" classname="CubeTest" time="0.002"/>
  <testcase name="volume_determinesTheVolumeOfTheCube_int" classname="CubeTest" time="0.0"/>
  <system-out><![CDATA[]]></system-out>
  <system-err><![CDATA[]]></system-err>
</testsuite>
